2018-12-28 17:44:14.893  INFO 18420 --- [restartedMain] c.b.c.dao.consume.DaoConsumeApplication  : Starting DaoConsumeApplication on WIN10-710312009 with PID 18420 (D:\workspace\eclipse\bdtd\card\workspace\card\card-dao\card-dao-consume\target\classes started by Administrator in D:\workspace\eclipse\bdtd\card\workspace\card\card-dao\card-dao-consume)
2018-12-28 17:44:14.894 DEBUG 18420 --- [restartedMain] c.b.c.dao.consume.DaoConsumeApplication  : Running with Spring Boot v2.0.7.RELEASE, Spring v5.0.11.RELEASE
2018-12-28 17:44:14.894  INFO 18420 --- [restartedMain] c.b.c.dao.consume.DaoConsumeApplication  : The following profiles are active: dev
2018-12-28 17:44:14.931  INFO 18420 --- [restartedMain] s.c.a.AnnotationConfigApplicationContext : Refreshing org.springframework.context.annotation.AnnotationConfigApplicationContext@fd0977e: startup date [Fri Dec 28 17:44:14 CST 2018]; root of context hierarchy
2018-12-28 17:44:15.326  WARN 18420 --- [restartedMain] o.m.s.mapper.ClassPathMapperScanner      : No MyBatis mapper was found in '[com.bdtd.card.dao.consume]' package. Please check your configuration.
2018-12-28 17:44:15.814  INFO 18420 --- [restartedMain] com.zaxxer.hikari.HikariDataSource       : HikariPool-1 - Starting...
2018-12-28 17:44:21.158 ERROR 18420 --- [restartedMain] com.zaxxer.hikari.pool.HikariPool        : HikariPool-1 - Exception during pool initialization.

com.mysql.jdbc.exceptions.jdbc4.MySQLNonTransientConnectionException: Could not create connection to database server. Attempted reconnect 3 times. Giving up.
	at sun.reflect.NativeConstructorAccessorImpl.newInstance0(Native Method) ~[na:1.8.0_181]
	at sun.reflect.NativeConstructorAccessorImpl.newInstance(NativeConstructorAccessorImpl.java:62) ~[na:1.8.0_181]
	at sun.reflect.DelegatingConstructorAccessorImpl.newInstance(DelegatingConstructorAccessorImpl.java:45) ~[na:1.8.0_181]
	at java.lang.reflect.Constructor.newInstance(Constructor.java:423) ~[na:1.8.0_181]
	at com.mysql.jdbc.Util.handleNewInstance(Util.java:425) ~[mysql-connector-java-5.1.47.jar:5.1.47]
	at com.mysql.jdbc.Util.getInstance(Util.java:408) ~[mysql-connector-java-5.1.47.jar:5.1.47]
	at com.mysql.jdbc.SQLError.createSQLException(SQLError.java:919) ~[mysql-connector-java-5.1.47.jar:5.1.47]
	at com.mysql.jdbc.SQLError.createSQLException(SQLError.java:898) ~[mysql-connector-java-5.1.47.jar:5.1.47]
	at com.mysql.jdbc.SQLError.createSQLException(SQLError.java:887) ~[mysql-connector-java-5.1.47.jar:5.1.47]
	at com.mysql.jdbc.SQLError.createSQLException(SQLError.java:861) ~[mysql-connector-java-5.1.47.jar:5.1.47]
	at com.mysql.jdbc.ConnectionImpl.connectWithRetries(ConnectionImpl.java:2105) ~[mysql-connector-java-5.1.47.jar:5.1.47]
	at com.mysql.jdbc.ConnectionImpl.createNewIO(ConnectionImpl.java:2030) ~[mysql-connector-java-5.1.47.jar:5.1.47]
	at com.mysql.jdbc.ConnectionImpl.<init>(ConnectionImpl.java:778) ~[mysql-connector-java-5.1.47.jar:5.1.47]
	at com.mysql.jdbc.JDBC4Connection.<init>(JDBC4Connection.java:47) ~[mysql-connector-java-5.1.47.jar:5.1.47]
	at sun.reflect.NativeConstructorAccessorImpl.newInstance0(Native Method) ~[na:1.8.0_181]
	at sun.reflect.NativeConstructorAccessorImpl.newInstance(NativeConstructorAccessorImpl.java:62) ~[na:1.8.0_181]
	at sun.reflect.DelegatingConstructorAccessorImpl.newInstance(DelegatingConstructorAccessorImpl.java:45) ~[na:1.8.0_181]
	at java.lang.reflect.Constructor.newInstance(Constructor.java:423) ~[na:1.8.0_181]
	at com.mysql.jdbc.Util.handleNewInstance(Util.java:425) ~[mysql-connector-java-5.1.47.jar:5.1.47]
	at com.mysql.jdbc.ConnectionImpl.getInstance(ConnectionImpl.java:386) ~[mysql-connector-java-5.1.47.jar:5.1.47]
	at com.mysql.jdbc.NonRegisteringDriver.connect(NonRegisteringDriver.java:330) ~[mysql-connector-java-5.1.47.jar:5.1.47]
	at com.zaxxer.hikari.util.DriverDataSource.getConnection(DriverDataSource.java:117) ~[HikariCP-2.7.9.jar:na]
	at com.zaxxer.hikari.util.DriverDataSource.getConnection(DriverDataSource.java:123) ~[HikariCP-2.7.9.jar:na]
	at com.zaxxer.hikari.pool.PoolBase.newConnection(PoolBase.java:365) ~[HikariCP-2.7.9.jar:na]
	at com.zaxxer.hikari.pool.PoolBase.newPoolEntry(PoolBase.java:194) ~[HikariCP-2.7.9.jar:na]
	at com.zaxxer.hikari.pool.HikariPool.createPoolEntry(HikariPool.java:460) [HikariCP-2.7.9.jar:na]
	at com.zaxxer.hikari.pool.HikariPool.checkFailFast(HikariPool.java:534) [HikariCP-2.7.9.jar:na]
	at com.zaxxer.hikari.pool.HikariPool.<init>(HikariPool.java:115) [HikariCP-2.7.9.jar:na]
	at com.zaxxer.hikari.HikariDataSource.getConnection(HikariDataSource.java:112) [HikariCP-2.7.9.jar:na]
	at com.baomidou.mybatisplus.toolkit.GlobalConfigUtils.setMetaData(GlobalConfigUtils.java:188) [mybatis-plus-support-2.3.3.jar:na]
	at com.baomidou.mybatisplus.spring.MybatisSqlSessionFactoryBean.buildSqlSessionFactory(MybatisSqlSessionFactoryBean.java:560) [mybatis-plus-core-2.3.3.jar:na]
	at com.baomidou.mybatisplus.spring.MybatisSqlSessionFactoryBean.afterPropertiesSet(MybatisSqlSessionFactoryBean.java:385) [mybatis-plus-core-2.3.3.jar:na]
	at com.baomidou.mybatisplus.spring.MybatisSqlSessionFactoryBean.getObject(MybatisSqlSessionFactoryBean.java:608) [mybatis-plus-core-2.3.3.jar:na]
	at com.baomidou.mybatisplus.spring.boot.starter.MybatisPlusAutoConfiguration.sqlSessionFactory(MybatisPlusAutoConfiguration.java:147) [mybatisplus-spring-boot-starter-1.0.5.jar:na]
	at com.baomidou.mybatisplus.spring.boot.starter.MybatisPlusAutoConfiguration$$EnhancerBySpringCGLIB$$95e15e36.CGLIB$sqlSessionFactory$0(<generated>) [mybatisplus-spring-boot-starter-1.0.5.jar:na]
	at com.baomidou.mybatisplus.spring.boot.starter.MybatisPlusAutoConfiguration$$EnhancerBySpringCGLIB$$95e15e36$$FastClassBySpringCGLIB$$be4e98fc.invoke(<generated>) [mybatisplus-spring-boot-starter-1.0.5.jar:na]
	at org.springframework.cglib.proxy.MethodProxy.invokeSuper(MethodProxy.java:228) [spring-core-5.0.11.RELEASE.jar:5.0.11.RELEASE]
	at org.springframework.context.annotation.ConfigurationClassEnhancer$BeanMethodInterceptor.intercept(ConfigurationClassEnhancer.java:365) [spring-context-5.0.11.RELEASE.jar:5.0.11.RELEASE]
	at com.baomidou.mybatisplus.spring.boot.starter.MybatisPlusAutoConfiguration$$EnhancerBySpringCGLIB$$95e15e36.sqlSessionFactory(<generated>) [mybatisplus-spring-boot-starter-1.0.5.jar:na]
	at sun.reflect.NativeMethodAccessorImpl.invoke0(Native Method) ~[na:1.8.0_181]
	at sun.reflect.NativeMethodAccessorImpl.invoke(NativeMethodAccessorImpl.java:62) ~[na:1.8.0_181]
	at sun.reflect.DelegatingMethodAccessorImpl.invoke(DelegatingMethodAccessorImpl.java:43) ~[na:1.8.0_181]
	at java.lang.reflect.Method.invoke(Method.java:498) ~[na:1.8.0_181]
	at org.springframework.beans.factory.support.SimpleInstantiationStrategy.instantiate(SimpleInstantiationStrategy.java:154) [spring-beans-5.0.11.RELEASE.jar:5.0.11.RELEASE]
	at org.springframework.beans.factory.support.ConstructorResolver.instantiateUsingFactoryMethod(ConstructorResolver.java:583) [spring-beans-5.0.11.RELEASE.jar:5.0.11.RELEASE]
	at org.springframework.beans.factory.support.AbstractAutowireCapableBeanFactory.instantiateUsingFactoryMethod(AbstractAutowireCapableBeanFactory.java:1246) [spring-beans-5.0.11.RELEASE.jar:5.0.11.RELEASE]
	at org.springframework.beans.factory.support.AbstractAutowireCapableBeanFactory.createBeanInstance(AbstractAutowireCapableBeanFactory.java:1096) [spring-beans-5.0.11.RELEASE.jar:5.0.11.RELEASE]
	at org.springframework.beans.factory.support.AbstractAutowireCapableBeanFactory.doCreateBean(AbstractAutowireCapableBeanFactory.java:535) [spring-beans-5.0.11.RELEASE.jar:5.0.11.RELEASE]
	at org.springframework.beans.factory.support.AbstractAutowireCapableBeanFactory.createBean(AbstractAutowireCapableBeanFactory.java:495) [spring-beans-5.0.11.RELEASE.jar:5.0.11.RELEASE]
	at org.springframework.beans.factory.support.AbstractBeanFactory.lambda$doGetBean$0(AbstractBeanFactory.java:317) [spring-beans-5.0.11.RELEASE.jar:5.0.11.RELEASE]
	at org.springframework.beans.factory.support.DefaultSingletonBeanRegistry.getSingleton(DefaultSingletonBeanRegistry.java:222) ~[spring-beans-5.0.11.RELEASE.jar:5.0.11.RELEASE]
	at org.springframework.beans.factory.support.AbstractBeanFactory.doGetBean(AbstractBeanFactory.java:315) [spring-beans-5.0.11.RELEASE.jar:5.0.11.RELEASE]
	at org.springframework.beans.factory.support.AbstractBeanFactory.getBean(AbstractBeanFactory.java:199) [spring-beans-5.0.11.RELEASE.jar:5.0.11.RELEASE]
	at org.springframework.beans.factory.support.DefaultListableBeanFactory.preInstantiateSingletons(DefaultListableBeanFactory.java:759) ~[spring-beans-5.0.11.RELEASE.jar:5.0.11.RELEASE]
	at org.springframework.context.support.AbstractApplicationContext.finishBeanFactoryInitialization(AbstractApplicationContext.java:867) ~[spring-context-5.0.11.RELEASE.jar:5.0.11.RELEASE]
	at org.springframework.context.support.AbstractApplicationContext.refresh(AbstractApplicationContext.java:548) ~[spring-context-5.0.11.RELEASE.jar:5.0.11.RELEASE]
	at org.springframework.boot.SpringApplication.refresh(SpringApplication.java:754) ~[spring-boot-2.0.7.RELEASE.jar:2.0.7.RELEASE]
	at org.springframework.boot.SpringApplication.refreshContext(SpringApplication.java:386) ~[spring-boot-2.0.7.RELEASE.jar:2.0.7.RELEASE]
	at org.springframework.boot.SpringApplication.run(SpringApplication.java:307) ~[spring-boot-2.0.7.RELEASE.jar:2.0.7.RELEASE]
	at org.springframework.boot.SpringApplication.run(SpringApplication.java:1242) ~[spring-boot-2.0.7.RELEASE.jar:2.0.7.RELEASE]
	at org.springframework.boot.SpringApplication.run(SpringApplication.java:1230) ~[spring-boot-2.0.7.RELEASE.jar:2.0.7.RELEASE]
	at com.bdtd.card.dao.consume.DaoConsumeApplication.main(DaoConsumeApplication.java:12) ~[classes/:na]
	at sun.reflect.NativeMethodAccessorImpl.invoke0(Native Method) ~[na:1.8.0_181]
	at sun.reflect.NativeMethodAccessorImpl.invoke(NativeMethodAccessorImpl.java:62) ~[na:1.8.0_181]
	at sun.reflect.DelegatingMethodAccessorImpl.invoke(DelegatingMethodAccessorImpl.java:43) ~[na:1.8.0_181]
	at java.lang.reflect.Method.invoke(Method.java:498) ~[na:1.8.0_181]
	at org.springframework.boot.devtools.restart.RestartLauncher.run(RestartLauncher.java:49) ~[spring-boot-devtools-2.0.7.RELEASE.jar:2.0.7.RELEASE]
Caused by: java.sql.SQLException: Access denied for user 'root'@'localhost' (using password: YES)
	at com.mysql.jdbc.SQLError.createSQLException(SQLError.java:965) ~[mysql-connector-java-5.1.47.jar:5.1.47]
	at com.mysql.jdbc.MysqlIO.checkErrorPacket(MysqlIO.java:3978) ~[mysql-connector-java-5.1.47.jar:5.1.47]
	at com.mysql.jdbc.MysqlIO.checkErrorPacket(MysqlIO.java:3914) ~[mysql-connector-java-5.1.47.jar:5.1.47]
	at com.mysql.jdbc.MysqlIO.checkErrorPacket(MysqlIO.java:871) ~[mysql-connector-java-5.1.47.jar:5.1.47]
	at com.mysql.jdbc.MysqlIO.proceedHandshakeWithPluggableAuthentication(MysqlIO.java:1714) ~[mysql-connector-java-5.1.47.jar:5.1.47]
	at com.mysql.jdbc.MysqlIO.doHandshake(MysqlIO.java:1224) ~[mysql-connector-java-5.1.47.jar:5.1.47]
	at com.mysql.jdbc.ConnectionImpl.coreConnect(ConnectionImpl.java:2199) ~[mysql-connector-java-5.1.47.jar:5.1.47]
	at com.mysql.jdbc.ConnectionImpl.connectWithRetries(ConnectionImpl.java:2046) ~[mysql-connector-java-5.1.47.jar:5.1.47]
	... 56 common frames omitted

2018-12-28 17:44:21.165  WARN 18420 --- [restartedMain] s.c.a.AnnotationConfigApplicationContext : Exception encountered during context initialization - cancelling refresh attempt: org.springframework.beans.factory.BeanCreationException: Error creating bean with name 'sqlSessionFactory' defined in class path resource [com/baomidou/mybatisplus/spring/boot/starter/MybatisPlusAutoConfiguration.class]: Bean instantiation via factory method failed; nested exception is org.springframework.beans.BeanInstantiationException: Failed to instantiate [org.apache.ibatis.session.SqlSessionFactory]: Factory method 'sqlSessionFactory' threw exception; nested exception is com.baomidou.mybatisplus.exceptions.MybatisPlusException: Error: GlobalConfigUtils setMetaData Fail !  Cause:com.mysql.jdbc.exceptions.jdbc4.MySQLNonTransientConnectionException: Could not create connection to database server. Attempted reconnect 3 times. Giving up.
2018-12-28 17:44:21.181  INFO 18420 --- [restartedMain] ConditionEvaluationReportLoggingListener : 

Error starting ApplicationContext. To display the conditions report re-run your application with 'debug' enabled.
2018-12-28 17:44:21.215 ERROR 18420 --- [restartedMain] o.s.boot.SpringApplication               : Application run failed

org.springframework.beans.factory.BeanCreationException: Error creating bean with name 'sqlSessionFactory' defined in class path resource [com/baomidou/mybatisplus/spring/boot/starter/MybatisPlusAutoConfiguration.class]: Bean instantiation via factory method failed; nested exception is org.springframework.beans.BeanInstantiationException: Failed to instantiate [org.apache.ibatis.session.SqlSessionFactory]: Factory method 'sqlSessionFactory' threw exception; nested exception is com.baomidou.mybatisplus.exceptions.MybatisPlusException: Error: GlobalConfigUtils setMetaData Fail !  Cause:com.mysql.jdbc.exceptions.jdbc4.MySQLNonTransientConnectionException: Could not create connection to database server. Attempted reconnect 3 times. Giving up.
	at org.springframework.beans.factory.support.ConstructorResolver.instantiateUsingFactoryMethod(ConstructorResolver.java:591) ~[spring-beans-5.0.11.RELEASE.jar:5.0.11.RELEASE]
	at org.springframework.beans.factory.support.AbstractAutowireCapableBeanFactory.instantiateUsingFactoryMethod(AbstractAutowireCapableBeanFactory.java:1246) ~[spring-beans-5.0.11.RELEASE.jar:5.0.11.RELEASE]
	at org.springframework.beans.factory.support.AbstractAutowireCapableBeanFactory.createBeanInstance(AbstractAutowireCapableBeanFactory.java:1096) ~[spring-beans-5.0.11.RELEASE.jar:5.0.11.RELEASE]
	at org.springframework.beans.factory.support.AbstractAutowireCapableBeanFactory.doCreateBean(AbstractAutowireCapableBeanFactory.java:535) ~[spring-beans-5.0.11.RELEASE.jar:5.0.11.RELEASE]
	at org.springframework.beans.factory.support.AbstractAutowireCapableBeanFactory.createBean(AbstractAutowireCapableBeanFactory.java:495) ~[spring-beans-5.0.11.RELEASE.jar:5.0.11.RELEASE]
	at org.springframework.beans.factory.support.AbstractBeanFactory.lambda$doGetBean$0(AbstractBeanFactory.java:317) ~[spring-beans-5.0.11.RELEASE.jar:5.0.11.RELEASE]
	at org.springframework.beans.factory.support.DefaultSingletonBeanRegistry.getSingleton(DefaultSingletonBeanRegistry.java:222) ~[spring-beans-5.0.11.RELEASE.jar:5.0.11.RELEASE]
	at org.springframework.beans.factory.support.AbstractBeanFactory.doGetBean(AbstractBeanFactory.java:315) ~[spring-beans-5.0.11.RELEASE.jar:5.0.11.RELEASE]
	at org.springframework.beans.factory.support.AbstractBeanFactory.getBean(AbstractBeanFactory.java:199) ~[spring-beans-5.0.11.RELEASE.jar:5.0.11.RELEASE]
	at org.springframework.beans.factory.support.DefaultListableBeanFactory.preInstantiateSingletons(DefaultListableBeanFactory.java:759) ~[spring-beans-5.0.11.RELEASE.jar:5.0.11.RELEASE]
	at org.springframework.context.support.AbstractApplicationContext.finishBeanFactoryInitialization(AbstractApplicationContext.java:867) ~[spring-context-5.0.11.RELEASE.jar:5.0.11.RELEASE]
	at org.springframework.context.support.AbstractApplicationContext.refresh(AbstractApplicationContext.java:548) ~[spring-context-5.0.11.RELEASE.jar:5.0.11.RELEASE]
	at org.springframework.boot.SpringApplication.refresh(SpringApplication.java:754) [spring-boot-2.0.7.RELEASE.jar:2.0.7.RELEASE]
	at org.springframework.boot.SpringApplication.refreshContext(SpringApplication.java:386) [spring-boot-2.0.7.RELEASE.jar:2.0.7.RELEASE]
	at org.springframework.boot.SpringApplication.run(SpringApplication.java:307) [spring-boot-2.0.7.RELEASE.jar:2.0.7.RELEASE]
	at org.springframework.boot.SpringApplication.run(SpringApplication.java:1242) [spring-boot-2.0.7.RELEASE.jar:2.0.7.RELEASE]
	at org.springframework.boot.SpringApplication.run(SpringApplication.java:1230) [spring-boot-2.0.7.RELEASE.jar:2.0.7.RELEASE]
	at com.bdtd.card.dao.consume.DaoConsumeApplication.main(DaoConsumeApplication.java:12) [classes/:na]
	at sun.reflect.NativeMethodAccessorImpl.invoke0(Native Method) ~[na:1.8.0_181]
	at sun.reflect.NativeMethodAccessorImpl.invoke(NativeMethodAccessorImpl.java:62) ~[na:1.8.0_181]
	at sun.reflect.DelegatingMethodAccessorImpl.invoke(DelegatingMethodAccessorImpl.java:43) ~[na:1.8.0_181]
	at java.lang.reflect.Method.invoke(Method.java:498) ~[na:1.8.0_181]
	at org.springframework.boot.devtools.restart.RestartLauncher.run(RestartLauncher.java:49) [spring-boot-devtools-2.0.7.RELEASE.jar:2.0.7.RELEASE]
Caused by: org.springframework.beans.BeanInstantiationException: Failed to instantiate [org.apache.ibatis.session.SqlSessionFactory]: Factory method 'sqlSessionFactory' threw exception; nested exception is com.baomidou.mybatisplus.exceptions.MybatisPlusException: Error: GlobalConfigUtils setMetaData Fail !  Cause:com.mysql.jdbc.exceptions.jdbc4.MySQLNonTransientConnectionException: Could not create connection to database server. Attempted reconnect 3 times. Giving up.
	at org.springframework.beans.factory.support.SimpleInstantiationStrategy.instantiate(SimpleInstantiationStrategy.java:185) ~[spring-beans-5.0.11.RELEASE.jar:5.0.11.RELEASE]
	at org.springframework.beans.factory.support.ConstructorResolver.instantiateUsingFactoryMethod(ConstructorResolver.java:583) ~[spring-beans-5.0.11.RELEASE.jar:5.0.11.RELEASE]
	... 22 common frames omitted
Caused by: com.baomidou.mybatisplus.exceptions.MybatisPlusException: Error: GlobalConfigUtils setMetaData Fail !  Cause:com.mysql.jdbc.exceptions.jdbc4.MySQLNonTransientConnectionException: Could not create connection to database server. Attempted reconnect 3 times. Giving up.
	at com.baomidou.mybatisplus.toolkit.GlobalConfigUtils.setMetaData(GlobalConfigUtils.java:197) ~[mybatis-plus-support-2.3.3.jar:na]
	at com.baomidou.mybatisplus.spring.MybatisSqlSessionFactoryBean.buildSqlSessionFactory(MybatisSqlSessionFactoryBean.java:560) ~[mybatis-plus-core-2.3.3.jar:na]
	at com.baomidou.mybatisplus.spring.MybatisSqlSessionFactoryBean.afterPropertiesSet(MybatisSqlSessionFactoryBean.java:385) ~[mybatis-plus-core-2.3.3.jar:na]
	at com.baomidou.mybatisplus.spring.MybatisSqlSessionFactoryBean.getObject(MybatisSqlSessionFactoryBean.java:608) ~[mybatis-plus-core-2.3.3.jar:na]
	at com.baomidou.mybatisplus.spring.boot.starter.MybatisPlusAutoConfiguration.sqlSessionFactory(MybatisPlusAutoConfiguration.java:147) ~[mybatisplus-spring-boot-starter-1.0.5.jar:na]
	at com.baomidou.mybatisplus.spring.boot.starter.MybatisPlusAutoConfiguration$$EnhancerBySpringCGLIB$$95e15e36.CGLIB$sqlSessionFactory$0(<generated>) ~[mybatisplus-spring-boot-starter-1.0.5.jar:na]
	at com.baomidou.mybatisplus.spring.boot.starter.MybatisPlusAutoConfiguration$$EnhancerBySpringCGLIB$$95e15e36$$FastClassBySpringCGLIB$$be4e98fc.invoke(<generated>) ~[mybatisplus-spring-boot-starter-1.0.5.jar:na]
	at org.springframework.cglib.proxy.MethodProxy.invokeSuper(MethodProxy.java:228) ~[spring-core-5.0.11.RELEASE.jar:5.0.11.RELEASE]
	at org.springframework.context.annotation.ConfigurationClassEnhancer$BeanMethodInterceptor.intercept(ConfigurationClassEnhancer.java:365) ~[spring-context-5.0.11.RELEASE.jar:5.0.11.RELEASE]
	at com.baomidou.mybatisplus.spring.boot.starter.MybatisPlusAutoConfiguration$$EnhancerBySpringCGLIB$$95e15e36.sqlSessionFactory(<generated>) ~[mybatisplus-spring-boot-starter-1.0.5.jar:na]
	at sun.reflect.NativeMethodAccessorImpl.invoke0(Native Method) ~[na:1.8.0_181]
	at sun.reflect.NativeMethodAccessorImpl.invoke(NativeMethodAccessorImpl.java:62) ~[na:1.8.0_181]
	at sun.reflect.DelegatingMethodAccessorImpl.invoke(DelegatingMethodAccessorImpl.java:43) ~[na:1.8.0_181]
	at java.lang.reflect.Method.invoke(Method.java:498) ~[na:1.8.0_181]
	at org.springframework.beans.factory.support.SimpleInstantiationStrategy.instantiate(SimpleInstantiationStrategy.java:154) ~[spring-beans-5.0.11.RELEASE.jar:5.0.11.RELEASE]
	... 23 common frames omitted

2018-12-28 17:45:02.448  INFO 8724 --- [restartedMain] c.b.c.dao.consume.DaoConsumeApplication  : Starting DaoConsumeApplication on WIN10-710312009 with PID 8724 (D:\workspace\eclipse\bdtd\card\workspace\card\card-dao\card-dao-consume\target\classes started by Administrator in D:\workspace\eclipse\bdtd\card\workspace\card\card-dao\card-dao-consume)
2018-12-28 17:45:02.450 DEBUG 8724 --- [restartedMain] c.b.c.dao.consume.DaoConsumeApplication  : Running with Spring Boot v2.0.7.RELEASE, Spring v5.0.11.RELEASE
2018-12-28 17:45:02.450  INFO 8724 --- [restartedMain] c.b.c.dao.consume.DaoConsumeApplication  : The following profiles are active: dev
2018-12-28 17:45:02.502  INFO 8724 --- [restartedMain] s.c.a.AnnotationConfigApplicationContext : Refreshing org.springframework.context.annotation.AnnotationConfigApplicationContext@590d83ee: startup date [Fri Dec 28 17:45:02 CST 2018]; root of context hierarchy
2018-12-28 17:45:02.913  WARN 8724 --- [restartedMain] o.m.s.mapper.ClassPathMapperScanner      : No MyBatis mapper was found in '[com.bdtd.card.dao.consume]' package. Please check your configuration.
2018-12-28 17:45:03.408  INFO 8724 --- [restartedMain] com.zaxxer.hikari.HikariDataSource       : HikariPool-1 - Starting...
2018-12-28 17:45:03.745  INFO 8724 --- [restartedMain] com.zaxxer.hikari.HikariDataSource       : HikariPool-1 - Start completed.
2018-12-28 17:45:03.993  INFO 8724 --- [restartedMain] o.s.b.d.a.OptionalLiveReloadServer       : LiveReload server is running on port 35729
2018-12-28 17:45:04.018  INFO 8724 --- [restartedMain] o.s.j.e.a.AnnotationMBeanExporter        : Registering beans for JMX exposure on startup
2018-12-28 17:45:04.021  INFO 8724 --- [restartedMain] o.s.j.e.a.AnnotationMBeanExporter        : Bean with name 'dataSource' has been autodetected for JMX exposure
2018-12-28 17:45:04.024  INFO 8724 --- [restartedMain] o.s.j.e.a.AnnotationMBeanExporter        : Located MBean 'dataSource': registering with JMX server as MBean [com.zaxxer.hikari:name=dataSource,type=HikariDataSource]
2018-12-28 17:45:04.033  INFO 8724 --- [restartedMain] c.b.c.dao.consume.DaoConsumeApplication  : Started DaoConsumeApplication in 1.896 seconds (JVM running for 2.639)
2018-12-28 17:45:04.043  INFO 8724 --- [Thread-8] s.c.a.AnnotationConfigApplicationContext : Closing org.springframework.context.annotation.AnnotationConfigApplicationContext@590d83ee: startup date [Fri Dec 28 17:45:02 CST 2018]; root of context hierarchy
2018-12-28 17:45:04.047  INFO 8724 --- [Thread-8] o.s.j.e.a.AnnotationMBeanExporter        : Unregistering JMX-exposed beans on shutdown
2018-12-28 17:45:04.047  INFO 8724 --- [Thread-8] o.s.j.e.a.AnnotationMBeanExporter        : Unregistering JMX-exposed beans
2018-12-28 17:45:04.048  INFO 8724 --- [Thread-8] com.zaxxer.hikari.HikariDataSource       : HikariPool-1 - Shutdown initiated...
2018-12-28 17:45:04.052  INFO 8724 --- [Thread-8] com.zaxxer.hikari.HikariDataSource       : HikariPool-1 - Shutdown completed.
2018-12-28 18:00:29.511  INFO 16740 --- [restartedMain] c.b.c.dao.consume.DaoConsumeApplication  : Starting DaoConsumeApplication on WIN10-710312009 with PID 16740 (D:\workspace\eclipse\bdtd\card\workspace\card\card-dao\card-dao-consume\target\classes started by Administrator in D:\workspace\eclipse\bdtd\card\workspace\card\card-dao\card-dao-consume)
2018-12-28 18:00:29.512 DEBUG 16740 --- [restartedMain] c.b.c.dao.consume.DaoConsumeApplication  : Running with Spring Boot v2.0.7.RELEASE, Spring v5.0.11.RELEASE
2018-12-28 18:00:29.512  INFO 16740 --- [restartedMain] c.b.c.dao.consume.DaoConsumeApplication  : The following profiles are active: dev
2018-12-28 18:00:29.548  INFO 16740 --- [restartedMain] s.c.a.AnnotationConfigApplicationContext : Refreshing org.springframework.context.annotation.AnnotationConfigApplicationContext@590d83ee: startup date [Fri Dec 28 18:00:29 CST 2018]; root of context hierarchy
2018-12-28 18:00:29.927  WARN 16740 --- [restartedMain] s.c.a.AnnotationConfigApplicationContext : Exception encountered during context initialization - cancelling refresh attempt: org.springframework.beans.factory.parsing.BeanDefinitionParsingException: Configuration problem: @Bean method 'bizDataSource' must not be private or final; change the method's modifiers to continue
Offending resource: class path resource [com/bdtd/card/dao/consume/config/MybatisPlusConfig.class]
2018-12-28 18:00:29.937  INFO 16740 --- [restartedMain] ConditionEvaluationReportLoggingListener : 

Error starting ApplicationContext. To display the conditions report re-run your application with 'debug' enabled.
2018-12-28 18:00:29.947 ERROR 16740 --- [restartedMain] o.s.boot.SpringApplication               : Application run failed

org.springframework.beans.factory.parsing.BeanDefinitionParsingException: Configuration problem: @Bean method 'bizDataSource' must not be private or final; change the method's modifiers to continue
Offending resource: class path resource [com/bdtd/card/dao/consume/config/MybatisPlusConfig.class]
	at org.springframework.beans.factory.parsing.FailFastProblemReporter.error(FailFastProblemReporter.java:72) ~[spring-beans-5.0.11.RELEASE.jar:5.0.11.RELEASE]
	at org.springframework.context.annotation.BeanMethod.validate(BeanMethod.java:50) ~[spring-context-5.0.11.RELEASE.jar:5.0.11.RELEASE]
	at org.springframework.context.annotation.ConfigurationClass.validate(ConfigurationClass.java:222) ~[spring-context-5.0.11.RELEASE.jar:5.0.11.RELEASE]
	at org.springframework.context.annotation.ConfigurationClassParser.validate(ConfigurationClassParser.java:211) ~[spring-context-5.0.11.RELEASE.jar:5.0.11.RELEASE]
	at org.springframework.context.annotation.ConfigurationClassPostProcessor.processConfigBeanDefinitions(ConfigurationClassPostProcessor.java:317) ~[spring-context-5.0.11.RELEASE.jar:5.0.11.RELEASE]
	at org.springframework.context.annotation.ConfigurationClassPostProcessor.postProcessBeanDefinitionRegistry(ConfigurationClassPostProcessor.java:233) ~[spring-context-5.0.11.RELEASE.jar:5.0.11.RELEASE]
	at org.springframework.context.support.PostProcessorRegistrationDelegate.invokeBeanDefinitionRegistryPostProcessors(PostProcessorRegistrationDelegate.java:271) ~[spring-context-5.0.11.RELEASE.jar:5.0.11.RELEASE]
	at org.springframework.context.support.PostProcessorRegistrationDelegate.invokeBeanFactoryPostProcessors(PostProcessorRegistrationDelegate.java:91) ~[spring-context-5.0.11.RELEASE.jar:5.0.11.RELEASE]
	at org.springframework.context.support.AbstractApplicationContext.invokeBeanFactoryPostProcessors(AbstractApplicationContext.java:692) ~[spring-context-5.0.11.RELEASE.jar:5.0.11.RELEASE]
	at org.springframework.context.support.AbstractApplicationContext.refresh(AbstractApplicationContext.java:530) ~[spring-context-5.0.11.RELEASE.jar:5.0.11.RELEASE]
	at org.springframework.boot.SpringApplication.refresh(SpringApplication.java:754) [spring-boot-2.0.7.RELEASE.jar:2.0.7.RELEASE]
	at org.springframework.boot.SpringApplication.refreshContext(SpringApplication.java:386) [spring-boot-2.0.7.RELEASE.jar:2.0.7.RELEASE]
	at org.springframework.boot.SpringApplication.run(SpringApplication.java:307) [spring-boot-2.0.7.RELEASE.jar:2.0.7.RELEASE]
	at org.springframework.boot.SpringApplication.run(SpringApplication.java:1242) [spring-boot-2.0.7.RELEASE.jar:2.0.7.RELEASE]
	at org.springframework.boot.SpringApplication.run(SpringApplication.java:1230) [spring-boot-2.0.7.RELEASE.jar:2.0.7.RELEASE]
	at com.bdtd.card.dao.consume.DaoConsumeApplication.main(DaoConsumeApplication.java:12) [classes/:na]
	at sun.reflect.NativeMethodAccessorImpl.invoke0(Native Method) ~[na:1.8.0_181]
	at sun.reflect.NativeMethodAccessorImpl.invoke(NativeMethodAccessorImpl.java:62) ~[na:1.8.0_181]
	at sun.reflect.DelegatingMethodAccessorImpl.invoke(DelegatingMethodAccessorImpl.java:43) ~[na:1.8.0_181]
	at java.lang.reflect.Method.invoke(Method.java:498) ~[na:1.8.0_181]
	at org.springframework.boot.devtools.restart.RestartLauncher.run(RestartLauncher.java:49) [spring-boot-devtools-2.0.7.RELEASE.jar:2.0.7.RELEASE]

2018-12-28 18:01:30.301  INFO 9628 --- [restartedMain] c.b.c.dao.consume.DaoConsumeApplication  : Starting DaoConsumeApplication on WIN10-710312009 with PID 9628 (D:\workspace\eclipse\bdtd\card\workspace\card\card-dao\card-dao-consume\target\classes started by Administrator in D:\workspace\eclipse\bdtd\card\workspace\card\card-dao\card-dao-consume)
2018-12-28 18:01:30.302 DEBUG 9628 --- [restartedMain] c.b.c.dao.consume.DaoConsumeApplication  : Running with Spring Boot v2.0.7.RELEASE, Spring v5.0.11.RELEASE
2018-12-28 18:01:30.302  INFO 9628 --- [restartedMain] c.b.c.dao.consume.DaoConsumeApplication  : The following profiles are active: dev
2018-12-28 18:01:30.338  INFO 9628 --- [restartedMain] s.c.a.AnnotationConfigApplicationContext : Refreshing org.springframework.context.annotation.AnnotationConfigApplicationContext@66844974: startup date [Fri Dec 28 18:01:30 CST 2018]; root of context hierarchy
2018-12-28 18:01:30.715  WARN 9628 --- [restartedMain] o.m.s.mapper.ClassPathMapperScanner      : No MyBatis mapper was found in '[com.bdtd.card.*.dao]' package. Please check your configuration.
2018-12-28 18:01:30.763  WARN 9628 --- [restartedMain] o.m.s.mapper.ClassPathMapperScanner      : No MyBatis mapper was found in '[com.bdtd.card.dao.consume]' package. Please check your configuration.
2018-12-28 18:01:31.314  WARN 9628 --- [restartedMain] s.c.a.AnnotationConfigApplicationContext : Exception encountered during context initialization - cancelling refresh attempt: org.springframework.beans.factory.BeanCreationException: Error creating bean with name 'sqlSessionFactory' defined in class path resource [com/bdtd/card/dao/consume/config/MybatisPlusConfig.class]: Bean instantiation via factory method failed; nested exception is org.springframework.beans.BeanInstantiationException: Failed to instantiate [org.apache.ibatis.session.SqlSessionFactory]: Factory method 'testSqlSessionFactory' threw exception; nested exception is java.io.FileNotFoundException: class path resource [mybatis/] cannot be resolved to URL because it does not exist
2018-12-28 18:01:31.320  INFO 9628 --- [restartedMain] ConditionEvaluationReportLoggingListener : 

Error starting ApplicationContext. To display the conditions report re-run your application with 'debug' enabled.
2018-12-28 18:01:31.331 ERROR 9628 --- [restartedMain] o.s.boot.SpringApplication               : Application run failed

org.springframework.beans.factory.BeanCreationException: Error creating bean with name 'sqlSessionFactory' defined in class path resource [com/bdtd/card/dao/consume/config/MybatisPlusConfig.class]: Bean instantiation via factory method failed; nested exception is org.springframework.beans.BeanInstantiationException: Failed to instantiate [org.apache.ibatis.session.SqlSessionFactory]: Factory method 'testSqlSessionFactory' threw exception; nested exception is java.io.FileNotFoundException: class path resource [mybatis/] cannot be resolved to URL because it does not exist
	at org.springframework.beans.factory.support.ConstructorResolver.instantiateUsingFactoryMethod(ConstructorResolver.java:591) ~[spring-beans-5.0.11.RELEASE.jar:5.0.11.RELEASE]
	at org.springframework.beans.factory.support.AbstractAutowireCapableBeanFactory.instantiateUsingFactoryMethod(AbstractAutowireCapableBeanFactory.java:1246) ~[spring-beans-5.0.11.RELEASE.jar:5.0.11.RELEASE]
	at org.springframework.beans.factory.support.AbstractAutowireCapableBeanFactory.createBeanInstance(AbstractAutowireCapableBeanFactory.java:1096) ~[spring-beans-5.0.11.RELEASE.jar:5.0.11.RELEASE]
	at org.springframework.beans.factory.support.AbstractAutowireCapableBeanFactory.doCreateBean(AbstractAutowireCapableBeanFactory.java:535) ~[spring-beans-5.0.11.RELEASE.jar:5.0.11.RELEASE]
	at org.springframework.beans.factory.support.AbstractAutowireCapableBeanFactory.createBean(AbstractAutowireCapableBeanFactory.java:495) ~[spring-beans-5.0.11.RELEASE.jar:5.0.11.RELEASE]
	at org.springframework.beans.factory.support.AbstractBeanFactory.lambda$doGetBean$0(AbstractBeanFactory.java:317) ~[spring-beans-5.0.11.RELEASE.jar:5.0.11.RELEASE]
	at org.springframework.beans.factory.support.DefaultSingletonBeanRegistry.getSingleton(DefaultSingletonBeanRegistry.java:222) ~[spring-beans-5.0.11.RELEASE.jar:5.0.11.RELEASE]
	at org.springframework.beans.factory.support.AbstractBeanFactory.doGetBean(AbstractBeanFactory.java:315) ~[spring-beans-5.0.11.RELEASE.jar:5.0.11.RELEASE]
	at org.springframework.beans.factory.support.AbstractBeanFactory.getBean(AbstractBeanFactory.java:199) ~[spring-beans-5.0.11.RELEASE.jar:5.0.11.RELEASE]
	at org.springframework.beans.factory.support.DefaultListableBeanFactory.preInstantiateSingletons(DefaultListableBeanFactory.java:759) ~[spring-beans-5.0.11.RELEASE.jar:5.0.11.RELEASE]
	at org.springframework.context.support.AbstractApplicationContext.finishBeanFactoryInitialization(AbstractApplicationContext.java:867) ~[spring-context-5.0.11.RELEASE.jar:5.0.11.RELEASE]
	at org.springframework.context.support.AbstractApplicationContext.refresh(AbstractApplicationContext.java:548) ~[spring-context-5.0.11.RELEASE.jar:5.0.11.RELEASE]
	at org.springframework.boot.SpringApplication.refresh(SpringApplication.java:754) [spring-boot-2.0.7.RELEASE.jar:2.0.7.RELEASE]
	at org.springframework.boot.SpringApplication.refreshContext(SpringApplication.java:386) [spring-boot-2.0.7.RELEASE.jar:2.0.7.RELEASE]
	at org.springframework.boot.SpringApplication.run(SpringApplication.java:307) [spring-boot-2.0.7.RELEASE.jar:2.0.7.RELEASE]
	at org.springframework.boot.SpringApplication.run(SpringApplication.java:1242) [spring-boot-2.0.7.RELEASE.jar:2.0.7.RELEASE]
	at org.springframework.boot.SpringApplication.run(SpringApplication.java:1230) [spring-boot-2.0.7.RELEASE.jar:2.0.7.RELEASE]
	at com.bdtd.card.dao.consume.DaoConsumeApplication.main(DaoConsumeApplication.java:12) [classes/:na]
	at sun.reflect.NativeMethodAccessorImpl.invoke0(Native Method) ~[na:1.8.0_181]
	at sun.reflect.NativeMethodAccessorImpl.invoke(NativeMethodAccessorImpl.java:62) ~[na:1.8.0_181]
	at sun.reflect.DelegatingMethodAccessorImpl.invoke(DelegatingMethodAccessorImpl.java:43) ~[na:1.8.0_181]
	at java.lang.reflect.Method.invoke(Method.java:498) ~[na:1.8.0_181]
	at org.springframework.boot.devtools.restart.RestartLauncher.run(RestartLauncher.java:49) [spring-boot-devtools-2.0.7.RELEASE.jar:2.0.7.RELEASE]
Caused by: org.springframework.beans.BeanInstantiationException: Failed to instantiate [org.apache.ibatis.session.SqlSessionFactory]: Factory method 'testSqlSessionFactory' threw exception; nested exception is java.io.FileNotFoundException: class path resource [mybatis/] cannot be resolved to URL because it does not exist
	at org.springframework.beans.factory.support.SimpleInstantiationStrategy.instantiate(SimpleInstantiationStrategy.java:185) ~[spring-beans-5.0.11.RELEASE.jar:5.0.11.RELEASE]
	at org.springframework.beans.factory.support.ConstructorResolver.instantiateUsingFactoryMethod(ConstructorResolver.java:583) ~[spring-beans-5.0.11.RELEASE.jar:5.0.11.RELEASE]
	... 22 common frames omitted
Caused by: java.io.FileNotFoundException: class path resource [mybatis/] cannot be resolved to URL because it does not exist
	at org.springframework.core.io.ClassPathResource.getURL(ClassPathResource.java:195) ~[spring-core-5.0.11.RELEASE.jar:5.0.11.RELEASE]
	at org.springframework.core.io.support.PathMatchingResourcePatternResolver.findPathMatchingResources(PathMatchingResourcePatternResolver.java:496) ~[spring-core-5.0.11.RELEASE.jar:5.0.11.RELEASE]
	at org.springframework.core.io.support.PathMatchingResourcePatternResolver.getResources(PathMatchingResourcePatternResolver.java:297) ~[spring-core-5.0.11.RELEASE.jar:5.0.11.RELEASE]
	at com.bdtd.card.dao.consume.config.MybatisPlusConfig.testSqlSessionFactory(MybatisPlusConfig.java:48) ~[classes/:na]
	at com.bdtd.card.dao.consume.config.MybatisPlusConfig$$EnhancerBySpringCGLIB$$22090e97.CGLIB$testSqlSessionFactory$1(<generated>) ~[classes/:na]
	at com.bdtd.card.dao.consume.config.MybatisPlusConfig$$EnhancerBySpringCGLIB$$22090e97$$FastClassBySpringCGLIB$$238ea435.invoke(<generated>) ~[classes/:na]
	at org.springframework.cglib.proxy.MethodProxy.invokeSuper(MethodProxy.java:228) ~[spring-core-5.0.11.RELEASE.jar:5.0.11.RELEASE]
	at org.springframework.context.annotation.ConfigurationClassEnhancer$BeanMethodInterceptor.intercept(ConfigurationClassEnhancer.java:365) ~[spring-context-5.0.11.RELEASE.jar:5.0.11.RELEASE]
	at com.bdtd.card.dao.consume.config.MybatisPlusConfig$$EnhancerBySpringCGLIB$$22090e97.testSqlSessionFactory(<generated>) ~[classes/:na]
	at sun.reflect.NativeMethodAccessorImpl.invoke0(Native Method) ~[na:1.8.0_181]
	at sun.reflect.NativeMethodAccessorImpl.invoke(NativeMethodAccessorImpl.java:62) ~[na:1.8.0_181]
	at sun.reflect.DelegatingMethodAccessorImpl.invoke(DelegatingMethodAccessorImpl.java:43) ~[na:1.8.0_181]
	at java.lang.reflect.Method.invoke(Method.java:498) ~[na:1.8.0_181]
	at org.springframework.beans.factory.support.SimpleInstantiationStrategy.instantiate(SimpleInstantiationStrategy.java:154) ~[spring-beans-5.0.11.RELEASE.jar:5.0.11.RELEASE]
	... 23 common frames omitted

2018-12-28 18:03:36.264  INFO 11340 --- [restartedMain] c.b.c.dao.consume.DaoConsumeApplication  : Starting DaoConsumeApplication on WIN10-710312009 with PID 11340 (D:\workspace\eclipse\bdtd\card\workspace\card\card-dao\card-dao-consume\target\classes started by Administrator in D:\workspace\eclipse\bdtd\card\workspace\card\card-dao\card-dao-consume)
2018-12-28 18:03:36.265 DEBUG 11340 --- [restartedMain] c.b.c.dao.consume.DaoConsumeApplication  : Running with Spring Boot v2.0.7.RELEASE, Spring v5.0.11.RELEASE
2018-12-28 18:03:36.266  INFO 11340 --- [restartedMain] c.b.c.dao.consume.DaoConsumeApplication  : The following profiles are active: dev
2018-12-28 18:03:36.305  INFO 11340 --- [restartedMain] s.c.a.AnnotationConfigApplicationContext : Refreshing org.springframework.context.annotation.AnnotationConfigApplicationContext@1455fe50: startup date [Fri Dec 28 18:03:36 CST 2018]; root of context hierarchy
2018-12-28 18:03:36.678  WARN 11340 --- [restartedMain] o.m.s.mapper.ClassPathMapperScanner      : No MyBatis mapper was found in '[com.bdtd.card.*.dao]' package. Please check your configuration.
2018-12-28 18:03:36.728  WARN 11340 --- [restartedMain] o.m.s.mapper.ClassPathMapperScanner      : No MyBatis mapper was found in '[com.bdtd.card.dao.consume]' package. Please check your configuration.
2018-12-28 18:03:37.107  WARN 11340 --- [restartedMain] s.c.a.AnnotationConfigApplicationContext : Exception encountered during context initialization - cancelling refresh attempt: org.springframework.beans.factory.BeanCreationException: Error creating bean with name 'sqlSessionFactory' defined in class path resource [com/bdtd/card/dao/consume/config/MybatisPlusConfig.class]: Bean instantiation via factory method failed; nested exception is org.springframework.beans.BeanInstantiationException: Failed to instantiate [org.apache.ibatis.session.SqlSessionFactory]: Factory method 'testSqlSessionFactory' threw exception; nested exception is java.io.FileNotFoundException: class path resource [mybatis/] cannot be resolved to URL because it does not exist
2018-12-28 18:03:37.113  INFO 11340 --- [restartedMain] ConditionEvaluationReportLoggingListener : 

Error starting ApplicationContext. To display the conditions report re-run your application with 'debug' enabled.
2018-12-28 18:03:37.126 ERROR 11340 --- [restartedMain] o.s.boot.SpringApplication               : Application run failed

org.springframework.beans.factory.BeanCreationException: Error creating bean with name 'sqlSessionFactory' defined in class path resource [com/bdtd/card/dao/consume/config/MybatisPlusConfig.class]: Bean instantiation via factory method failed; nested exception is org.springframework.beans.BeanInstantiationException: Failed to instantiate [org.apache.ibatis.session.SqlSessionFactory]: Factory method 'testSqlSessionFactory' threw exception; nested exception is java.io.FileNotFoundException: class path resource [mybatis/] cannot be resolved to URL because it does not exist
	at org.springframework.beans.factory.support.ConstructorResolver.instantiateUsingFactoryMethod(ConstructorResolver.java:591) ~[spring-beans-5.0.11.RELEASE.jar:5.0.11.RELEASE]
	at org.springframework.beans.factory.support.AbstractAutowireCapableBeanFactory.instantiateUsingFactoryMethod(AbstractAutowireCapableBeanFactory.java:1246) ~[spring-beans-5.0.11.RELEASE.jar:5.0.11.RELEASE]
	at org.springframework.beans.factory.support.AbstractAutowireCapableBeanFactory.createBeanInstance(AbstractAutowireCapableBeanFactory.java:1096) ~[spring-beans-5.0.11.RELEASE.jar:5.0.11.RELEASE]
	at org.springframework.beans.factory.support.AbstractAutowireCapableBeanFactory.doCreateBean(AbstractAutowireCapableBeanFactory.java:535) ~[spring-beans-5.0.11.RELEASE.jar:5.0.11.RELEASE]
	at org.springframework.beans.factory.support.AbstractAutowireCapableBeanFactory.createBean(AbstractAutowireCapableBeanFactory.java:495) ~[spring-beans-5.0.11.RELEASE.jar:5.0.11.RELEASE]
	at org.springframework.beans.factory.support.AbstractBeanFactory.lambda$doGetBean$0(AbstractBeanFactory.java:317) ~[spring-beans-5.0.11.RELEASE.jar:5.0.11.RELEASE]
	at org.springframework.beans.factory.support.DefaultSingletonBeanRegistry.getSingleton(DefaultSingletonBeanRegistry.java:222) ~[spring-beans-5.0.11.RELEASE.jar:5.0.11.RELEASE]
	at org.springframework.beans.factory.support.AbstractBeanFactory.doGetBean(AbstractBeanFactory.java:315) ~[spring-beans-5.0.11.RELEASE.jar:5.0.11.RELEASE]
	at org.springframework.beans.factory.support.AbstractBeanFactory.getBean(AbstractBeanFactory.java:199) ~[spring-beans-5.0.11.RELEASE.jar:5.0.11.RELEASE]
	at org.springframework.beans.factory.support.DefaultListableBeanFactory.preInstantiateSingletons(DefaultListableBeanFactory.java:759) ~[spring-beans-5.0.11.RELEASE.jar:5.0.11.RELEASE]
	at org.springframework.context.support.AbstractApplicationContext.finishBeanFactoryInitialization(AbstractApplicationContext.java:867) ~[spring-context-5.0.11.RELEASE.jar:5.0.11.RELEASE]
	at org.springframework.context.support.AbstractApplicationContext.refresh(AbstractApplicationContext.java:548) ~[spring-context-5.0.11.RELEASE.jar:5.0.11.RELEASE]
	at org.springframework.boot.SpringApplication.refresh(SpringApplication.java:754) [spring-boot-2.0.7.RELEASE.jar:2.0.7.RELEASE]
	at org.springframework.boot.SpringApplication.refreshContext(SpringApplication.java:386) [spring-boot-2.0.7.RELEASE.jar:2.0.7.RELEASE]
	at org.springframework.boot.SpringApplication.run(SpringApplication.java:307) [spring-boot-2.0.7.RELEASE.jar:2.0.7.RELEASE]
	at org.springframework.boot.SpringApplication.run(SpringApplication.java:1242) [spring-boot-2.0.7.RELEASE.jar:2.0.7.RELEASE]
	at org.springframework.boot.SpringApplication.run(SpringApplication.java:1230) [spring-boot-2.0.7.RELEASE.jar:2.0.7.RELEASE]
	at com.bdtd.card.dao.consume.DaoConsumeApplication.main(DaoConsumeApplication.java:12) [classes/:na]
	at sun.reflect.NativeMethodAccessorImpl.invoke0(Native Method) ~[na:1.8.0_181]
	at sun.reflect.NativeMethodAccessorImpl.invoke(NativeMethodAccessorImpl.java:62) ~[na:1.8.0_181]
	at sun.reflect.DelegatingMethodAccessorImpl.invoke(DelegatingMethodAccessorImpl.java:43) ~[na:1.8.0_181]
	at java.lang.reflect.Method.invoke(Method.java:498) ~[na:1.8.0_181]
	at org.springframework.boot.devtools.restart.RestartLauncher.run(RestartLauncher.java:49) [spring-boot-devtools-2.0.7.RELEASE.jar:2.0.7.RELEASE]
Caused by: org.springframework.beans.BeanInstantiationException: Failed to instantiate [org.apache.ibatis.session.SqlSessionFactory]: Factory method 'testSqlSessionFactory' threw exception; nested exception is java.io.FileNotFoundException: class path resource [mybatis/] cannot be resolved to URL because it does not exist
	at org.springframework.beans.factory.support.SimpleInstantiationStrategy.instantiate(SimpleInstantiationStrategy.java:185) ~[spring-beans-5.0.11.RELEASE.jar:5.0.11.RELEASE]
	at org.springframework.beans.factory.support.ConstructorResolver.instantiateUsingFactoryMethod(ConstructorResolver.java:583) ~[spring-beans-5.0.11.RELEASE.jar:5.0.11.RELEASE]
	... 22 common frames omitted
Caused by: java.io.FileNotFoundException: class path resource [mybatis/] cannot be resolved to URL because it does not exist
	at org.springframework.core.io.ClassPathResource.getURL(ClassPathResource.java:195) ~[spring-core-5.0.11.RELEASE.jar:5.0.11.RELEASE]
	at org.springframework.core.io.support.PathMatchingResourcePatternResolver.findPathMatchingResources(PathMatchingResourcePatternResolver.java:496) ~[spring-core-5.0.11.RELEASE.jar:5.0.11.RELEASE]
	at org.springframework.core.io.support.PathMatchingResourcePatternResolver.getResources(PathMatchingResourcePatternResolver.java:297) ~[spring-core-5.0.11.RELEASE.jar:5.0.11.RELEASE]
	at com.bdtd.card.dao.consume.config.MybatisPlusConfig.testSqlSessionFactory(MybatisPlusConfig.java:48) ~[classes/:na]
	at com.bdtd.card.dao.consume.config.MybatisPlusConfig$$EnhancerBySpringCGLIB$$22090e97.CGLIB$testSqlSessionFactory$1(<generated>) ~[classes/:na]
	at com.bdtd.card.dao.consume.config.MybatisPlusConfig$$EnhancerBySpringCGLIB$$22090e97$$FastClassBySpringCGLIB$$238ea435.invoke(<generated>) ~[classes/:na]
	at org.springframework.cglib.proxy.MethodProxy.invokeSuper(MethodProxy.java:228) ~[spring-core-5.0.11.RELEASE.jar:5.0.11.RELEASE]
	at org.springframework.context.annotation.ConfigurationClassEnhancer$BeanMethodInterceptor.intercept(ConfigurationClassEnhancer.java:365) ~[spring-context-5.0.11.RELEASE.jar:5.0.11.RELEASE]
	at com.bdtd.card.dao.consume.config.MybatisPlusConfig$$EnhancerBySpringCGLIB$$22090e97.testSqlSessionFactory(<generated>) ~[classes/:na]
	at sun.reflect.NativeMethodAccessorImpl.invoke0(Native Method) ~[na:1.8.0_181]
	at sun.reflect.NativeMethodAccessorImpl.invoke(NativeMethodAccessorImpl.java:62) ~[na:1.8.0_181]
	at sun.reflect.DelegatingMethodAccessorImpl.invoke(DelegatingMethodAccessorImpl.java:43) ~[na:1.8.0_181]
	at java.lang.reflect.Method.invoke(Method.java:498) ~[na:1.8.0_181]
	at org.springframework.beans.factory.support.SimpleInstantiationStrategy.instantiate(SimpleInstantiationStrategy.java:154) ~[spring-beans-5.0.11.RELEASE.jar:5.0.11.RELEASE]
	... 23 common frames omitted

